<?xml version="1.0" encoding="UTF-8"?>
<testsuite xmlns:xsi="http://www.w3.org/2001/XMLSchema-instance" xsi:noNamespaceSchemaLocation="https://maven.apache.org/surefire/maven-surefire-plugin/xsd/surefire-test-report-3.0.xsd" version="3.0" name="TestSuite" time="157.077" tests="5" errors="0" skipped="0" failures="0">
  <properties>
[...]
</properties>
  <testcase name="clickNewBikes" classname="TestCase.TC_001_UpcomingBikeDetails" time="6.071">
    <system-out><![CDATA[05:35:35.969 [main] INFO  TestCase.TC_001_UpcomingBikeDetails - **** Starting TC_001_UpcomingBike ****
05:35:35.969 [main] INFO  TestCase.TC_001_UpcomingBikeDetails - clicking on  New Bikes 
]]></system-out>
    <system-err><![CDATA[SLF4J: No SLF4J providers were found.
SLF4J: Defaulting to no-operation (NOP) logger implementation
SLF4J: See https://www.slf4j.org/codes.html#noProviders for further details.
Apr 01, 2024 5:34:50 AM org.openqa.selenium.devtools.CdpVersionFinder findNearestMatch
WARNING: Unable to find an exact match for CDP version 121, returning the closest version; found: 120; Please update to a Selenium version that supports CDP version 121
]]></system-err>
  </testcase>
  <testcase name="clickUpcomingBikes" classname="TestCase.TC_001_UpcomingBikeDetails" time="12.642">
    <system-out><![CDATA[05:35:42.044 [main] INFO  TestCase.TC_001_UpcomingBikeDetails - clicking on Upcoming Bikes
Honda Activa 7G
79000
Expected Launch : Apr 2024
****************************
Honda PCX160
120000
Expected Launch : Jun 2024
****************************
Honda Activa Electric
110000
Expected Launch : Jun 2024
****************************
Honda CB350 Cruiser
230000
Expected Launch : Nov 2024
****************************
Honda Forza 350
370000
Expected Launch : Unrevealed
****************************
Honda CBR150R
170000
Expected Launch : Unrevealed
****************************
Honda Rebel 300
230000
Expected Launch : Unrevealed
****************************
Honda CRF300L
330000
Expected Launch Date : 31 Dec 2050
****************************
05:35:54.409 [main] INFO  TestCase.TC_001_UpcomingBikeDetails - **** Finished TC_001_UpcomingBike ****
]]></system-out>
  </testcase>
  <testcase name="UsedCarDetails" classname="TestCase.TC_002_UsedCarsDetails" time="72.889">
    <system-out><![CDATA[05:35:54.687 [main] INFO  TestCase.TC_001_UpcomingBikeDetails - **** Starting TC_002_UsedCar ****
05:35:54.687 [main] INFO  TestCase.TC_001_UpcomingBikeDetails - clicking on  Used Cars and selecting Chennai
Total no of cars:9
Maruti 800
Maruti Swift Dzire
Maruti Swift
Hyundai I10
Hyundai Santro Xing
Honda City
Toyota Innova
Toyota Fortuner
Mahindra XUV500
05:37:07.206 [main] INFO  TestCase.TC_001_UpcomingBikeDetails - **** Finished TC_002_UsedCar ****
]]></system-out>
  </testcase>
  <testcase name="verifyLoginPage" classname="TestCase.TC_003_GoogleLogin" time="3.554">
    <system-out><![CDATA[05:37:07.577 [main] INFO  TestCase.TC_001_UpcomingBikeDetails - **** Starting TC_003_LoginSignup ****
05:37:07.577 [main] INFO  TestCase.TC_001_UpcomingBikeDetails - Verifying login/SignUp
05:37:10.842 [main] INFO  TestCase.TC_001_UpcomingBikeDetails - **** Finished TC_004_LoginSignup ****
]]></system-out>
  </testcase>
  <testcase name="verifyLoginPage" classname="TestCase.TC_004_GoogleSignup" time="7.415">
    <system-out><![CDATA[05:37:11.132 [main] INFO  TestCase.TC_001_UpcomingBikeDetails - **** Starting TC_004_LoginPage ****
05:37:11.132 [main] INFO  TestCase.TC_001_UpcomingBikeDetails - Verifying loginPage
***********************
Couldn’t find your Google Account
05:37:18.445 [main] INFO  TestCase.TC_001_UpcomingBikeDetails - **** Finished TC_004_LoginPage ****
]]></system-out>
  </testcase>
</testsuite>